2024-03-27 17:28:58:2858 error: transExec 에러 Parameter #{AD_ACCOUNT_INFO_SEQ} is not converted. 
 Error Stack: Error: Parameter #{AD_ACCOUNT_INFO_SEQ} is not converted.
    at MybatisMapper.getStatement (D:\02.project\dev_workspace\sogul_admin_backend\node_modules\mybatis-mapper\index.js:105:15)
    at Object.transExec (D:\02.project\dev_workspace\sogul_admin_backend\config\dbInfo.js:142:33)
    at setAccountInfo (D:\02.project\dev_workspace\sogul_admin_backend\src\store\account.js:108:19)
    at process.processTicksAndRejections (node:internal/process/task_queues:95:5)
    at async D:\02.project\dev_workspace\sogul_admin_backend\routes\routerHandler.js:16:7
2024-03-27 17:29:38:2938 error: transExec 에러 Parameter ${SYS_AUTHORITY_USER_MAP_SEQ} is not converted. 
 Error Stack: Error: Parameter ${SYS_AUTHORITY_USER_MAP_SEQ} is not converted.
    at MybatisMapper.getStatement (D:\02.project\dev_workspace\sogul_admin_backend\node_modules\mybatis-mapper\index.js:105:15)
    at Object.transExec (D:\02.project\dev_workspace\sogul_admin_backend\config\dbInfo.js:142:33)
    at delAuthUserMap (D:\02.project\dev_workspace\sogul_admin_backend\src\system\authority.js:254:17)
    at process.processTicksAndRejections (node:internal/process/task_queues:95:5)
    at async D:\02.project\dev_workspace\sogul_admin_backend\routes\routerHandler.js:16:7
2024-03-27 17:29:53:2953 error: transExec 에러 Parameter ${SYS_AUTHORITY_USER_MAP_SEQ} is not converted. 
 Error Stack: Error: Parameter ${SYS_AUTHORITY_USER_MAP_SEQ} is not converted.
    at MybatisMapper.getStatement (D:\02.project\dev_workspace\sogul_admin_backend\node_modules\mybatis-mapper\index.js:105:15)
    at Object.transExec (D:\02.project\dev_workspace\sogul_admin_backend\config\dbInfo.js:142:33)
    at delAuthUserMap (D:\02.project\dev_workspace\sogul_admin_backend\src\system\authority.js:251:17)
    at process.processTicksAndRejections (node:internal/process/task_queues:95:5)
    at async D:\02.project\dev_workspace\sogul_admin_backend\routes\routerHandler.js:16:7
