2024-03-06 17:41:30:4130 error: transExec 에러 Parameter #{AD_STORE_INFO_SEQ} is not converted. 
 Error Stack: Error: Parameter #{AD_STORE_INFO_SEQ} is not converted.
    at MybatisMapper.getStatement (D:\02.project\dev_workspace\sogul_admin_backend\node_modules\mybatis-mapper\index.js:105:15)
    at Object.transExec (D:\02.project\dev_workspace\sogul_admin_backend\config\dbInfo.js:142:33)
    at setOwnerIns (D:\02.project\dev_workspace\sogul_admin_backend\src\store\ownerDoc.js:164:25)
    at process.processTicksAndRejections (node:internal/process/task_queues:95:5)
    at async D:\02.project\dev_workspace\sogul_admin_backend\routes\routerHandler.js:16:7
2024-03-06 17:42:54:4254 error: transExec 에러 Column 'AD_USE_SEQ' cannot be null 
 Error Stack: Error: Column 'AD_USE_SEQ' cannot be null
    at PromisePoolConnection.query (D:\02.project\dev_workspace\sogul_admin_backend\node_modules\mysql2\promise.js:94:22)
    at Object.transExec (D:\02.project\dev_workspace\sogul_admin_backend\config\dbInfo.js:144:31)
    at setDynamicDetails (D:\02.project\dev_workspace\sogul_admin_backend\src\store\code.js:105:25)
    at setOwnerIns (D:\02.project\dev_workspace\sogul_admin_backend\src\store\ownerDoc.js:183:29)
    at process.processTicksAndRejections (node:internal/process/task_queues:95:5)
    at async D:\02.project\dev_workspace\sogul_admin_backend\routes\routerHandler.js:16:7
2024-03-06 17:52:27:5227 error: transExec 에러 Column 'AD_USE_SEQ' cannot be null 
 Error Stack: Error: Column 'AD_USE_SEQ' cannot be null
    at PromisePoolConnection.query (D:\02.project\dev_workspace\sogul_admin_backend\node_modules\mysql2\promise.js:94:22)
    at Object.transExec (D:\02.project\dev_workspace\sogul_admin_backend\config\dbInfo.js:144:31)
    at setDynamicDetails (D:\02.project\dev_workspace\sogul_admin_backend\src\store\code.js:105:25)
    at setOwnerIns (D:\02.project\dev_workspace\sogul_admin_backend\src\store\ownerDoc.js:183:29)
    at process.processTicksAndRejections (node:internal/process/task_queues:95:5)
    at async D:\02.project\dev_workspace\sogul_admin_backend\routes\routerHandler.js:16:7
2024-03-06 17:54:21:5421 error: transExec 에러 Column 'AD_USE_SEQ' cannot be null 
 Error Stack: Error: Column 'AD_USE_SEQ' cannot be null
    at PromisePoolConnection.query (D:\02.project\dev_workspace\sogul_admin_backend\node_modules\mysql2\promise.js:94:22)
    at Object.transExec (D:\02.project\dev_workspace\sogul_admin_backend\config\dbInfo.js:144:31)
    at setDynamicDetails (D:\02.project\dev_workspace\sogul_admin_backend\src\store\code.js:105:25)
    at setOwnerIns (D:\02.project\dev_workspace\sogul_admin_backend\src\store\ownerDoc.js:183:29)
    at process.processTicksAndRejections (node:internal/process/task_queues:95:5)
    at async D:\02.project\dev_workspace\sogul_admin_backend\routes\routerHandler.js:16:7
