2024-03-05 10:20:05:205 error: transExec 에러 Parameter #{CONTENTS} is not converted. 
 Error Stack: Error: Parameter #{CONTENTS} is not converted.
    at MybatisMapper.getStatement (D:\02.project\dev_workspace\sogul_admin_backend\node_modules\mybatis-mapper\index.js:105:15)
    at Object.transExec (D:\02.project\dev_workspace\sogul_admin_backend\config\dbInfo.js:142:33)
    at setOwnerIns (D:\02.project\dev_workspace\sogul_admin_backend\src\store\ownerDoc.js:155:21)
    at process.processTicksAndRejections (node:internal/process/task_queues:95:5)
    at async D:\02.project\dev_workspace\sogul_admin_backend\routes\routerHandler.js:16:7
2024-03-05 10:22:38:2238 error: transExec 에러 Parameter #{CONTENTS} is not converted. 
 Error Stack: Error: Parameter #{CONTENTS} is not converted.
    at MybatisMapper.getStatement (D:\02.project\dev_workspace\sogul_admin_backend\node_modules\mybatis-mapper\index.js:105:15)
    at Object.transExec (D:\02.project\dev_workspace\sogul_admin_backend\config\dbInfo.js:142:33)
    at setOwnerIns (D:\02.project\dev_workspace\sogul_admin_backend\src\store\ownerDoc.js:155:21)
    at process.processTicksAndRejections (node:internal/process/task_queues:95:5)
    at async D:\02.project\dev_workspace\sogul_admin_backend\routes\routerHandler.js:16:7
2024-03-05 10:25:08:258 error: transExec 에러 Parameter #{AD_STORE_INFO_SEQ} is not converted. 
 Error Stack: Error: Parameter #{AD_STORE_INFO_SEQ} is not converted.
    at MybatisMapper.getStatement (D:\02.project\dev_workspace\sogul_admin_backend\node_modules\mybatis-mapper\index.js:105:15)
    at Object.transExec (D:\02.project\dev_workspace\sogul_admin_backend\config\dbInfo.js:142:33)
    at setOwnerIns (D:\02.project\dev_workspace\sogul_admin_backend\src\store\ownerDoc.js:163:25)
    at process.processTicksAndRejections (node:internal/process/task_queues:95:5)
    at async D:\02.project\dev_workspace\sogul_admin_backend\routes\routerHandler.js:16:7
2024-03-05 10:25:56:2556 error: transExec 에러 Parameter #{AD_STORE_INFO_SEQ} is not converted. 
 Error Stack: Error: Parameter #{AD_STORE_INFO_SEQ} is not converted.
    at MybatisMapper.getStatement (D:\02.project\dev_workspace\sogul_admin_backend\node_modules\mybatis-mapper\index.js:105:15)
    at Object.transExec (D:\02.project\dev_workspace\sogul_admin_backend\config\dbInfo.js:142:33)
    at setOwnerIns (D:\02.project\dev_workspace\sogul_admin_backend\src\store\ownerDoc.js:163:25)
    at process.processTicksAndRejections (node:internal/process/task_queues:95:5)
    at async D:\02.project\dev_workspace\sogul_admin_backend\routes\routerHandler.js:16:7
2024-03-05 18:29:05:295 error: transExec 에러 SQL ID [updOwnerDocItem] not exists 
 Error Stack: Error: SQL ID [updOwnerDocItem] not exists
    at MybatisMapper.getStatement (D:\02.project\dev_workspace\sogul_admin_backend\node_modules\mybatis-mapper\index.js:90:57)
    at Object.transExec (D:\02.project\dev_workspace\sogul_admin_backend\config\dbInfo.js:142:33)
    at setOwnerIns (D:\02.project\dev_workspace\sogul_admin_backend\src\store\ownerDoc.js:175:23)
    at process.processTicksAndRejections (node:internal/process/task_queues:95:5)
    at async D:\02.project\dev_workspace\sogul_admin_backend\routes\routerHandler.js:16:7
